<?xml version="1.0" encoding="UTF-8"?>
<!-- Generated by org.testng.reporters.JUnitReportReporter -->
<testsuite hostname="LTIN328189" failures="0" tests="3" name="com.TestRunner.testRun" time="736.422" errors="0" timestamp="2024-02-29T14:59:12 IST" skipped="0">
  <testcase classname="com.TestRunner.testRun" name="runScenario" time="540.921"/>
  <testcase classname="com.TestRunner.testRun" name="runScenario" time="13.012"/>
  <testcase classname="com.TestRunner.testRun" name="runScenario" time="182.489"/>
</testsuite> <!-- com.TestRunner.testRun -->
