<?xml version="1.0" encoding="UTF-8"?>
<!-- Generated by org.testng.reporters.JUnitReportReporter -->
<testsuite hostname="LTIN328189" failures="0" tests="3" name="com.TestRunner.testRun" time="694.528" errors="0" timestamp="2024-02-28T23:40:36 IST" skipped="0">
  <testcase classname="com.TestRunner.testRun" name="runScenario" time="495.981"/>
  <testcase classname="com.TestRunner.testRun" name="runScenario" time="5.411"/>
  <testcase classname="com.TestRunner.testRun" name="runScenario" time="193.136"/>
</testsuite> <!-- com.TestRunner.testRun -->
